<?xml version="1.0" encoding="UTF-8"?>
<testsuite xmlns:xsi="http://www.w3.org/2001/XMLSchema-instance" xsi:noNamespaceSchemaLocation="https://maven.apache.org/surefire/maven-surefire-plugin/xsd/surefire-test-report.xsd" name="fizzbuzz.FizzBuzzTest" time="0.066" tests="5" errors="0" skipped="0" failures="0">
  <properties>
[...]
</properties>
  <testcase name="shouldReturnBuzzIfMultipleOf5" classname="fizzbuzz.FizzBuzzTest" time="0.044"/>
  <testcase name="shouldCount" classname="fizzbuzz.FizzBuzzTest" time="0.001"/>
  <testcase name="shouldCountIndefinitely" classname="fizzbuzz.FizzBuzzTest" time="0.002"/>
  <testcase name="shouldReturnFizzIfMultipleOf3" classname="fizzbuzz.FizzBuzzTest" time="0.003"/>
  <testcase name="shouldReturnFizzBuzzIfMultipleOf3And5" classname="fizzbuzz.FizzBuzzTest" time="0.001"/>
</testsuite>